{"/Users/rene/Downloads/defra/credit-sales-web-application/dirname.cjs": {"path":"/Users/rene/Downloads/defra/credit-sales-web-application/dirname.cjs","statementMap":{"0":{"start":{"line":1,"column":0},"end":{"line":1,"column":26}}},"fnMap":{},"branchMap":{},"s":{"0":2},"f":{},"b":{},"inputSourceMap":null,"_coverageSchema":"1a1c01bbd47fc00a2c39e90264f33305004495a9","hash":"0c8bbdebc1342be1f5387fd244554eef88d5b557"}
,"/Users/rene/Downloads/defra/credit-sales-web-application/src/server.js": {"path":"/Users/rene/Downloads/defra/credit-sales-web-application/src/server.js","statementMap":{"0":{"start":{"line":12,"column":21},"end":{"line":28,"column":1}},"1":{"start":{"line":14,"column":4},"end":{"line":26,"column":15}},"2":{"start":{"line":27,"column":2},"end":{"line":27,"column":33}},"3":{"start":{"line":30,"column":13},"end":{"line":41,"column":1}},"4":{"start":{"line":32,"column":2},"end":{"line":32,"column":30}},"5":{"start":{"line":33,"column":2},"end":{"line":33,"column":30}},"6":{"start":{"line":34,"column":2},"end":{"line":34,"column":31}},"7":{"start":{"line":35,"column":2},"end":{"line":35,"column":35}},"8":{"start":{"line":36,"column":2},"end":{"line":36,"column":32}},"9":{"start":{"line":37,"column":2},"end":{"line":37,"column":32}},"10":{"start":{"line":38,"column":2},"end":{"line":38,"column":30}},"11":{"start":{"line":40,"column":2},"end":{"line":40,"column":23}}},"fnMap":{"0":{"name":"(anonymous_0)","decl":{"start":{"line":12,"column":21},"end":{"line":12,"column":22}},"loc":{"start":{"line":12,"column":38},"end":{"line":28,"column":1}},"line":12},"1":{"name":"(anonymous_1)","decl":{"start":{"line":30,"column":13},"end":{"line":30,"column":14}},"loc":{"start":{"line":30,"column":29},"end":{"line":41,"column":1}},"line":30}},"branchMap":{},"s":{"0":2,"1":11,"2":11,"3":2,"4":11,"5":11,"6":11,"7":11,"8":11,"9":11,"10":11,"11":11},"f":{"0":11,"1":11},"b":{},"_coverageSchema":"1a1c01bbd47fc00a2c39e90264f33305004495a9","hash":"378dcf16056e2607a2893b94a28240e483193867"}
,"/Users/rene/Downloads/defra/credit-sales-web-application/src/plugins/cache.js": {"path":"/Users/rene/Downloads/defra/credit-sales-web-application/src/plugins/cache.js","statementMap":{"0":{"start":{"line":4,"column":14},"end":{"line":14,"column":2}}},"fnMap":{},"branchMap":{},"s":{"0":2},"f":{},"b":{},"_coverageSchema":"1a1c01bbd47fc00a2c39e90264f33305004495a9","hash":"e1432f5ce2fc36faa64e71cb2275691239bc3761"}
,"/Users/rene/Downloads/defra/credit-sales-web-application/src/plugins/error-pages.js": {"path":"/Users/rene/Downloads/defra/credit-sales-web-application/src/plugins/error-pages.js","statementMap":{"0":{"start":{"line":1,"column":15},"end":{"line":31,"column":1}},"1":{"start":{"line":4,"column":4},"end":{"line":29,"column":6}},"2":{"start":{"line":5,"column":23},"end":{"line":5,"column":39}},"3":{"start":{"line":7,"column":6},"end":{"line":27,"column":7}},"4":{"start":{"line":10,"column":27},"end":{"line":10,"column":53}},"5":{"start":{"line":14,"column":8},"end":{"line":16,"column":9}},"6":{"start":{"line":15,"column":10},"end":{"line":15,"column":47}},"7":{"start":{"line":19,"column":8},"end":{"line":23,"column":10}},"8":{"start":{"line":26,"column":8},"end":{"line":26,"column":45}},"9":{"start":{"line":28,"column":6},"end":{"line":28,"column":23}}},"fnMap":{"0":{"name":"(anonymous_0)","decl":{"start":{"line":3,"column":12},"end":{"line":3,"column":13}},"loc":{"start":{"line":3,"column":22},"end":{"line":30,"column":3}},"line":3},"1":{"name":"(anonymous_1)","decl":{"start":{"line":4,"column":32},"end":{"line":4,"column":33}},"loc":{"start":{"line":4,"column":48},"end":{"line":29,"column":5}},"line":4}},"branchMap":{"0":{"loc":{"start":{"line":7,"column":6},"end":{"line":27,"column":7}},"type":"if","locations":[{"start":{"line":7,"column":6},"end":{"line":27,"column":7}},{"start":{},"end":{}}],"line":7},"1":{"loc":{"start":{"line":14,"column":8},"end":{"line":16,"column":9}},"type":"if","locations":[{"start":{"line":14,"column":8},"end":{"line":16,"column":9}},{"start":{},"end":{}}],"line":14},"2":{"loc":{"start":{"line":22,"column":17},"end":{"line":22,"column":69}},"type":"cond-expr","locations":[{"start":{"line":22,"column":33},"end":{"line":22,"column":52}},{"start":{"line":22,"column":55},"end":{"line":22,"column":69}}],"line":22}},"s":{"0":2,"1":11,"2":11,"3":11,"4":4,"5":4,"6":3,"7":1,"8":1,"9":7},"f":{"0":11,"1":11},"b":{"0":[4,7],"1":[3,1],"2":[0,1]},"_coverageSchema":"1a1c01bbd47fc00a2c39e90264f33305004495a9","hash":"97b5a105c10f0d17ffe319dfdb70ad918d4bb82e"}
,"/Users/rene/Downloads/defra/credit-sales-web-application/src/plugins/logging.js": {"path":"/Users/rene/Downloads/defra/credit-sales-web-application/src/plugins/logging.js","statementMap":{"0":{"start":{"line":3,"column":16},"end":{"line":9,"column":1}}},"fnMap":{},"branchMap":{},"s":{"0":2},"f":{},"b":{},"_coverageSchema":"1a1c01bbd47fc00a2c39e90264f33305004495a9","hash":"a425aa1c858f7867860218d0d5db65327f283d3d"}
,"/Users/rene/Downloads/defra/credit-sales-web-application/src/plugins/router.js": {"path":"/Users/rene/Downloads/defra/credit-sales-web-application/src/plugins/router.js","statementMap":{"0":{"start":{"line":9,"column":15},"end":{"line":16,"column":1}},"1":{"start":{"line":18,"column":15},"end":{"line":21,"column":1}},"2":{"start":{"line":20,"column":24},"end":{"line":20,"column":44}}},"fnMap":{"0":{"name":"(anonymous_0)","decl":{"start":{"line":20,"column":12},"end":{"line":20,"column":13}},"loc":{"start":{"line":20,"column":22},"end":{"line":20,"column":46}},"line":20}},"branchMap":{},"s":{"0":2,"1":2,"2":11},"f":{"0":11},"b":{},"_coverageSchema":"1a1c01bbd47fc00a2c39e90264f33305004495a9","hash":"59ce0595062179029ac86efce0cf85be36dfc319"}
,"/Users/rene/Downloads/defra/credit-sales-web-application/src/plugins/session.js": {"path":"/Users/rene/Downloads/defra/credit-sales-web-application/src/plugins/session.js","statementMap":{"0":{"start":{"line":4,"column":16},"end":{"line":17,"column":1}}},"fnMap":{},"branchMap":{},"s":{"0":2},"f":{},"b":{},"_coverageSchema":"1a1c01bbd47fc00a2c39e90264f33305004495a9","hash":"c69b4de4855dca5e09433f8ffd8a4515caa0c1f2"}
,"/Users/rene/Downloads/defra/credit-sales-web-application/src/plugins/views.js": {"path":"/Users/rene/Downloads/defra/credit-sales-web-application/src/plugins/views.js","statementMap":{"0":{"start":{"line":6,"column":14},"end":{"line":39,"column":1}},"1":{"start":{"line":12,"column":27},"end":{"line":12,"column":69}},"2":{"start":{"line":14,"column":10},"end":{"line":14,"column":52}},"3":{"start":{"line":14,"column":28},"end":{"line":14,"column":52}},"4":{"start":{"line":17,"column":10},"end":{"line":20,"column":12}},"5":{"start":{"line":22,"column":10},"end":{"line":22,"column":23}}},"fnMap":{"0":{"name":"(anonymous_0)","decl":{"start":{"line":11,"column":17},"end":{"line":11,"column":18}},"loc":{"start":{"line":11,"column":35},"end":{"line":15,"column":9}},"line":11},"1":{"name":"(anonymous_1)","decl":{"start":{"line":14,"column":17},"end":{"line":14,"column":18}},"loc":{"start":{"line":14,"column":28},"end":{"line":14,"column":52}},"line":14},"2":{"name":"(anonymous_2)","decl":{"start":{"line":16,"column":17},"end":{"line":16,"column":18}},"loc":{"start":{"line":16,"column":36},"end":{"line":23,"column":9}},"line":16}},"branchMap":{},"s":{"0":2,"1":8,"2":8,"3":8,"4":8,"5":8},"f":{"0":8,"1":8,"2":8},"b":{},"_coverageSchema":"1a1c01bbd47fc00a2c39e90264f33305004495a9","hash":"28d4d71c6346f3cc83a096306886b3f4614bdfff"}
,"/Users/rene/Downloads/defra/credit-sales-web-application/src/routes/aboutController.js": {"path":"/Users/rene/Downloads/defra/credit-sales-web-application/src/routes/aboutController.js","statementMap":{"0":{"start":{"line":1,"column":24},"end":{"line":7,"column":1}}},"fnMap":{},"branchMap":{},"s":{"0":2},"f":{},"b":{},"_coverageSchema":"1a1c01bbd47fc00a2c39e90264f33305004495a9","hash":"bfdc2e2a1cc6be894765f4e29d02cb15f7615306"}
,"/Users/rene/Downloads/defra/credit-sales-web-application/src/routes/authenticationController.js": {"path":"/Users/rene/Downloads/defra/credit-sales-web-application/src/routes/authenticationController.js","statementMap":{"0":{"start":{"line":1,"column":19},"end":{"line":19,"column":1}},"1":{"start":{"line":13,"column":3},"end":{"line":13,"column":72}},"2":{"start":{"line":14,"column":3},"end":{"line":16,"column":6}}},"fnMap":{"0":{"name":"(anonymous_0)","decl":{"start":{"line":12,"column":11},"end":{"line":12,"column":12}},"loc":{"start":{"line":12,"column":34},"end":{"line":17,"column":3}},"line":12}},"branchMap":{},"s":{"0":2,"1":1,"2":1},"f":{"0":1},"b":{},"_coverageSchema":"1a1c01bbd47fc00a2c39e90264f33305004495a9","hash":"264b33559f2ac92c9e3b91c639366531fb381012"}
,"/Users/rene/Downloads/defra/credit-sales-web-application/src/routes/confirmuploadController.js": {"path":"/Users/rene/Downloads/defra/credit-sales-web-application/src/routes/confirmuploadController.js","statementMap":{"0":{"start":{"line":5,"column":32},"end":{"line":47,"column":3}},"1":{"start":{"line":10,"column":4},"end":{"line":10,"column":48}},"2":{"start":{"line":19,"column":27},"end":{"line":19,"column":29}},"3":{"start":{"line":20,"column":4},"end":{"line":44,"column":5}},"4":{"start":{"line":21,"column":5},"end":{"line":37,"column":7}},"5":{"start":{"line":23,"column":6},"end":{"line":36,"column":8}},"6":{"start":{"line":38,"column":5},"end":{"line":38,"column":87}},"7":{"start":{"line":39,"column":5},"end":{"line":41,"column":8}},"8":{"start":{"line":43,"column":5},"end":{"line":43,"column":39}}},"fnMap":{"0":{"name":"(anonymous_0)","decl":{"start":{"line":9,"column":12},"end":{"line":9,"column":13}},"loc":{"start":{"line":9,"column":41},"end":{"line":11,"column":4}},"line":9},"1":{"name":"(anonymous_1)","decl":{"start":{"line":18,"column":12},"end":{"line":18,"column":13}},"loc":{"start":{"line":18,"column":47},"end":{"line":45,"column":4}},"line":18},"2":{"name":"(anonymous_2)","decl":{"start":{"line":21,"column":72},"end":{"line":21,"column":73}},"loc":{"start":{"line":21,"column":86},"end":{"line":37,"column":6}},"line":21}},"branchMap":{"0":{"loc":{"start":{"line":20,"column":4},"end":{"line":44,"column":5}},"type":"if","locations":[{"start":{"line":20,"column":4},"end":{"line":44,"column":5}},{"start":{"line":42,"column":9},"end":{"line":44,"column":5}}],"line":20}},"s":{"0":2,"1":1,"2":1,"3":1,"4":0,"5":0,"6":0,"7":0,"8":1},"f":{"0":1,"1":1,"2":0},"b":{"0":[0,1]},"_coverageSchema":"1a1c01bbd47fc00a2c39e90264f33305004495a9","hash":"036d5bf930b7415b8a9bfed099af2e02bd4da61a"}
,"/Users/rene/Downloads/defra/credit-sales-web-application/src/routes/errorController.js": {"path":"/Users/rene/Downloads/defra/credit-sales-web-application/src/routes/errorController.js","statementMap":{"0":{"start":{"line":1,"column":24},"end":{"line":7,"column":1}},"1":{"start":{"line":5,"column":4},"end":{"line":5,"column":27}}},"fnMap":{"0":{"name":"(anonymous_0)","decl":{"start":{"line":4,"column":11},"end":{"line":4,"column":12}},"loc":{"start":{"line":4,"column":17},"end":{"line":6,"column":3}},"line":4}},"branchMap":{},"s":{"0":2,"1":1},"f":{"0":1},"b":{},"_coverageSchema":"1a1c01bbd47fc00a2c39e90264f33305004495a9","hash":"9e12b1d26f5d32ff9b6cde68ea07b241d0177810"}
,"/Users/rene/Downloads/defra/credit-sales-web-application/src/routes/fileuploadController.js": {"path":"/Users/rene/Downloads/defra/credit-sales-web-application/src/routes/fileuploadController.js","statementMap":{"0":{"start":{"line":5,"column":20},"end":{"line":42,"column":2}},"1":{"start":{"line":10,"column":3},"end":{"line":10,"column":46}},"2":{"start":{"line":19,"column":19},"end":{"line":19,"column":34}},"3":{"start":{"line":20,"column":31},"end":{"line":20,"column":83}},"4":{"start":{"line":22,"column":3},"end":{"line":22,"column":59}},"5":{"start":{"line":23,"column":33},"end":{"line":23,"column":89}},"6":{"start":{"line":24,"column":3},"end":{"line":24,"column":71}},"7":{"start":{"line":26,"column":3},"end":{"line":31,"column":6}}},"fnMap":{"0":{"name":"(anonymous_0)","decl":{"start":{"line":9,"column":11},"end":{"line":9,"column":12}},"loc":{"start":{"line":9,"column":38},"end":{"line":11,"column":3}},"line":9},"1":{"name":"(anonymous_1)","decl":{"start":{"line":17,"column":11},"end":{"line":17,"column":12}},"loc":{"start":{"line":17,"column":40},"end":{"line":32,"column":3}},"line":17}},"branchMap":{},"s":{"0":2,"1":1,"2":1,"3":1,"4":1,"5":1,"6":1,"7":1},"f":{"0":1,"1":1},"b":{},"_coverageSchema":"1a1c01bbd47fc00a2c39e90264f33305004495a9","hash":"ec71da1a187fc8697c4921fcbc9e3f9a47cc32c9"}
,"/Users/rene/Downloads/defra/credit-sales-web-application/src/routes/publicController.js": {"path":"/Users/rene/Downloads/defra/credit-sales-web-application/src/routes/publicController.js","statementMap":{"0":{"start":{"line":3,"column":21},"end":{"line":23,"column":2}}},"fnMap":{},"branchMap":{},"s":{"0":2},"f":{},"b":{},"_coverageSchema":"1a1c01bbd47fc00a2c39e90264f33305004495a9","hash":"4ad303ee91161f58278cf1f7adb982fab085f39e"}
,"/Users/rene/Downloads/defra/credit-sales-web-application/src/routes/startController.js": {"path":"/Users/rene/Downloads/defra/credit-sales-web-application/src/routes/startController.js","statementMap":{"0":{"start":{"line":1,"column":14},"end":{"line":7,"column":1}},"1":{"start":{"line":5,"column":4},"end":{"line":5,"column":34}}},"fnMap":{"0":{"name":"(anonymous_0)","decl":{"start":{"line":4,"column":11},"end":{"line":4,"column":12}},"loc":{"start":{"line":4,"column":38},"end":{"line":6,"column":3}},"line":4}},"branchMap":{},"s":{"0":2,"1":1},"f":{"0":1},"b":{},"_coverageSchema":"1a1c01bbd47fc00a2c39e90264f33305004495a9","hash":"a361e5ce3b7f5646b3dc8069020513a129506f64"}
,"/Users/rene/Downloads/defra/credit-sales-web-application/src/utils/azurequeuemessagesender.js": {"path":"/Users/rene/Downloads/defra/credit-sales-web-application/src/utils/azurequeuemessagesender.js","statementMap":{"0":{"start":{"line":2,"column":16},"end":{"line":2,"column":46}},"1":{"start":{"line":3,"column":29},"end":{"line":3,"column":58}},"2":{"start":{"line":6,"column":25},"end":{"line":6,"column":51}},"3":{"start":{"line":8,"column":18},"end":{"line":8,"column":40}},"4":{"start":{"line":11,"column":18},"end":{"line":11,"column":56}},"5":{"start":{"line":13,"column":16},"end":{"line":13,"column":48}},"6":{"start":{"line":14,"column":1},"end":{"line":22,"column":2}},"7":{"start":{"line":15,"column":19},"end":{"line":17,"column":3}},"8":{"start":{"line":18,"column":2},"end":{"line":18,"column":38}},"9":{"start":{"line":20,"column":2},"end":{"line":20,"column":23}},"10":{"start":{"line":21,"column":2},"end":{"line":21,"column":25}}},"fnMap":{"0":{"name":"sendBiodiversityMessagetToQueue","decl":{"start":{"line":10,"column":15},"end":{"line":10,"column":46}},"loc":{"start":{"line":10,"column":56},"end":{"line":23,"column":1}},"line":10}},"branchMap":{},"s":{"0":3,"1":3,"2":3,"3":3,"4":0,"5":0,"6":0,"7":0,"8":0,"9":0,"10":0},"f":{"0":0},"b":{},"_coverageSchema":"1a1c01bbd47fc00a2c39e90264f33305004495a9","hash":"4dd96d2a985f6941d0e4233da96ef127bc02a5fd"}
,"/Users/rene/Downloads/defra/credit-sales-web-application/src/utils/biodiversityExtractor.js": {"path":"/Users/rene/Downloads/defra/credit-sales-web-application/src/utils/biodiversityExtractor.js","statementMap":{"0":{"start":{"line":2,"column":16},"end":{"line":2,"column":46}},"1":{"start":{"line":3,"column":13},"end":{"line":3,"column":28}},"2":{"start":{"line":5,"column":35},"end":{"line":102,"column":1}},"3":{"start":{"line":6,"column":18},"end":{"line":6,"column":53}},"4":{"start":{"line":7,"column":25},"end":{"line":7,"column":27}},"5":{"start":{"line":8,"column":1},"end":{"line":23,"column":2}},"6":{"start":{"line":9,"column":2},"end":{"line":16,"column":3}},"7":{"start":{"line":18,"column":2},"end":{"line":22,"column":3}},"8":{"start":{"line":25,"column":21},"end":{"line":32,"column":2}},"9":{"start":{"line":26,"column":16},"end":{"line":26,"column":63}},"10":{"start":{"line":27,"column":2},"end":{"line":31,"column":3}},"11":{"start":{"line":28,"column":3},"end":{"line":28,"column":36}},"12":{"start":{"line":30,"column":3},"end":{"line":30,"column":35}},"13":{"start":{"line":34,"column":25},"end":{"line":38,"column":2}},"14":{"start":{"line":35,"column":2},"end":{"line":37,"column":3}},"15":{"start":{"line":36,"column":3},"end":{"line":36,"column":54}},"16":{"start":{"line":40,"column":33},"end":{"line":57,"column":2}},"17":{"start":{"line":41,"column":26},"end":{"line":41,"column":28}},"18":{"start":{"line":42,"column":2},"end":{"line":55,"column":5}},"19":{"start":{"line":43,"column":23},"end":{"line":43,"column":76}},"20":{"start":{"line":45,"column":20},"end":{"line":45,"column":22}},"21":{"start":{"line":46,"column":4},"end":{"line":48,"column":6}},"22":{"start":{"line":47,"column":5},"end":{"line":47,"column":62}},"23":{"start":{"line":50,"column":4},"end":{"line":54,"column":5}},"24":{"start":{"line":51,"column":5},"end":{"line":51,"column":37}},"25":{"start":{"line":52,"column":10},"end":{"line":54,"column":5}},"26":{"start":{"line":53,"column":5},"end":{"line":53,"column":54}},"27":{"start":{"line":56,"column":2},"end":{"line":56,"column":27}},"28":{"start":{"line":59,"column":31},"end":{"line":74,"column":2}},"29":{"start":{"line":76,"column":31},"end":{"line":96,"column":2}},"30":{"start":{"line":99,"column":1},"end":{"line":99,"column":94}},"31":{"start":{"line":101,"column":1},"end":{"line":101,"column":26}}},"fnMap":{"0":{"name":"(anonymous_0)","decl":{"start":{"line":5,"column":35},"end":{"line":5,"column":36}},"loc":{"start":{"line":5,"column":66},"end":{"line":102,"column":1}},"line":5},"1":{"name":"(anonymous_1)","decl":{"start":{"line":25,"column":21},"end":{"line":25,"column":22}},"loc":{"start":{"line":25,"column":62},"end":{"line":32,"column":2}},"line":25},"2":{"name":"(anonymous_2)","decl":{"start":{"line":34,"column":25},"end":{"line":34,"column":26}},"loc":{"start":{"line":34,"column":70},"end":{"line":38,"column":2}},"line":34},"3":{"name":"(anonymous_3)","decl":{"start":{"line":40,"column":33},"end":{"line":40,"column":34}},"loc":{"start":{"line":40,"column":65},"end":{"line":57,"column":2}},"line":40},"4":{"name":"(anonymous_4)","decl":{"start":{"line":43,"column":11},"end":{"line":43,"column":12}},"loc":{"start":{"line":43,"column":23},"end":{"line":43,"column":76}},"line":43},"5":{"name":"(anonymous_5)","decl":{"start":{"line":44,"column":8},"end":{"line":44,"column":9}},"loc":{"start":{"line":44,"column":19},"end":{"line":55,"column":4}},"line":44},"6":{"name":"(anonymous_6)","decl":{"start":{"line":46,"column":47},"end":{"line":46,"column":48}},"loc":{"start":{"line":46,"column":54},"end":{"line":48,"column":5}},"line":46}},"branchMap":{"0":{"loc":{"start":{"line":8,"column":1},"end":{"line":23,"column":2}},"type":"if","locations":[{"start":{"line":8,"column":1},"end":{"line":23,"column":2}},{"start":{"line":17,"column":6},"end":{"line":23,"column":2}}],"line":8},"1":{"loc":{"start":{"line":27,"column":2},"end":{"line":31,"column":3}},"type":"if","locations":[{"start":{"line":27,"column":2},"end":{"line":31,"column":3}},{"start":{"line":29,"column":9},"end":{"line":31,"column":3}}],"line":27},"2":{"loc":{"start":{"line":35,"column":2},"end":{"line":37,"column":3}},"type":"if","locations":[{"start":{"line":35,"column":2},"end":{"line":37,"column":3}},{"start":{},"end":{}}],"line":35},"3":{"loc":{"start":{"line":35,"column":6},"end":{"line":35,"column":104}},"type":"binary-expr","locations":[{"start":{"line":35,"column":6},"end":{"line":35,"column":51}},{"start":{"line":35,"column":55},"end":{"line":35,"column":104}}],"line":35},"4":{"loc":{"start":{"line":50,"column":4},"end":{"line":54,"column":5}},"type":"if","locations":[{"start":{"line":50,"column":4},"end":{"line":54,"column":5}},{"start":{"line":52,"column":10},"end":{"line":54,"column":5}}],"line":50},"5":{"loc":{"start":{"line":52,"column":10},"end":{"line":54,"column":5}},"type":"if","locations":[{"start":{"line":52,"column":10},"end":{"line":54,"column":5}},{"start":{},"end":{}}],"line":52},"6":{"loc":{"start":{"line":52,"column":13},"end":{"line":52,"column":114}},"type":"binary-expr","locations":[{"start":{"line":52,"column":13},"end":{"line":52,"column":81}},{"start":{"line":52,"column":85},"end":{"line":52,"column":114}}],"line":52}},"s":{"0":2,"1":2,"2":2,"3":1,"4":1,"5":1,"6":1,"7":0,"8":1,"9":0,"10":0,"11":0,"12":0,"13":1,"14":747,"15":19,"16":1,"17":1,"18":1,"19":254,"20":249,"21":249,"22":747,"23":249,"24":6,"25":243,"26":0,"27":1,"28":1,"29":1,"30":1,"31":1},"f":{"0":1,"1":0,"2":747,"3":1,"4":254,"5":249,"6":747},"b":{"0":[1,0],"1":[0,0],"2":[19,728],"3":[747,747],"4":[6,243],"5":[0,243],"6":[243,243]},"_coverageSchema":"1a1c01bbd47fc00a2c39e90264f33305004495a9","hash":"729ef41a567011069d0f42c981107f8dc6020d52"}
,"/Users/rene/Downloads/defra/credit-sales-web-application/src/utils/config.js": {"path":"/Users/rene/Downloads/defra/credit-sales-web-application/src/utils/config.js","statementMap":{"0":{"start":{"line":1,"column":27},"end":{"line":1,"column":58}},"1":{"start":{"line":2,"column":26},"end":{"line":2,"column":98}},"2":{"start":{"line":3,"column":26},"end":{"line":3,"column":58}},"3":{"start":{"line":4,"column":39},"end":{"line":4,"column":128}},"4":{"start":{"line":5,"column":44},"end":{"line":5,"column":95}},"5":{"start":{"line":6,"column":42},"end":{"line":6,"column":245}},"6":{"start":{"line":7,"column":38},"end":{"line":7,"column":89}}},"fnMap":{},"branchMap":{"0":{"loc":{"start":{"line":1,"column":27},"end":{"line":1,"column":58}},"type":"binary-expr","locations":[{"start":{"line":1,"column":27},"end":{"line":1,"column":50}},{"start":{"line":1,"column":54},"end":{"line":1,"column":58}}],"line":1},"1":{"loc":{"start":{"line":2,"column":26},"end":{"line":2,"column":98}},"type":"binary-expr","locations":[{"start":{"line":2,"column":26},"end":{"line":2,"column":48}},{"start":{"line":2,"column":52},"end":{"line":2,"column":98}}],"line":2},"2":{"loc":{"start":{"line":3,"column":26},"end":{"line":3,"column":58}},"type":"binary-expr","locations":[{"start":{"line":3,"column":26},"end":{"line":3,"column":48}},{"start":{"line":3,"column":52},"end":{"line":3,"column":58}}],"line":3},"3":{"loc":{"start":{"line":4,"column":39},"end":{"line":4,"column":128}},"type":"binary-expr","locations":[{"start":{"line":4,"column":39},"end":{"line":4,"column":74}},{"start":{"line":4,"column":78},"end":{"line":4,"column":128}}],"line":4},"4":{"loc":{"start":{"line":5,"column":44},"end":{"line":5,"column":95}},"type":"binary-expr","locations":[{"start":{"line":5,"column":44},"end":{"line":5,"column":84}},{"start":{"line":5,"column":88},"end":{"line":5,"column":95}}],"line":5},"5":{"loc":{"start":{"line":6,"column":42},"end":{"line":6,"column":245}},"type":"binary-expr","locations":[{"start":{"line":6,"column":42},"end":{"line":6,"column":80}},{"start":{"line":6,"column":84},"end":{"line":6,"column":245}}],"line":6},"6":{"loc":{"start":{"line":7,"column":38},"end":{"line":7,"column":89}},"type":"binary-expr","locations":[{"start":{"line":7,"column":38},"end":{"line":7,"column":72}},{"start":{"line":7,"column":76},"end":{"line":7,"column":89}}],"line":7}},"s":{"0":3,"1":3,"2":3,"3":3,"4":3,"5":3,"6":3},"f":{},"b":{"0":[3,3],"1":[3,0],"2":[3,0],"3":[3,0],"4":[3,3],"5":[3,3],"6":[3,3]},"_coverageSchema":"1a1c01bbd47fc00a2c39e90264f33305004495a9","hash":"0f1c473590f63863cc2cf9087929e03343ebcbc6"}
}
