TN:
SF:dirname.cjs
FNF:0
FNH:0
DA:1,2
LF:1
LH:1
BRF:0
BRH:0
end_of_record
TN:
SF:src/server.js
FN:12,(anonymous_0)
FN:30,(anonymous_1)
FNF:2
FNH:2
FNDA:11,(anonymous_0)
FNDA:11,(anonymous_1)
DA:12,2
DA:14,11
DA:27,11
DA:30,2
DA:32,11
DA:33,11
DA:34,11
DA:35,11
DA:36,11
DA:37,11
DA:38,11
DA:40,11
LF:12
LH:12
BRF:0
BRH:0
end_of_record
TN:
SF:src/plugins/cache.js
FNF:0
FNH:0
DA:4,2
LF:1
LH:1
BRF:0
BRH:0
end_of_record
TN:
SF:src/plugins/error-pages.js
FN:3,(anonymous_0)
FN:4,(anonymous_1)
FNF:2
FNH:2
FNDA:11,(anonymous_0)
FNDA:11,(anonymous_1)
DA:1,2
DA:4,11
DA:5,11
DA:7,11
DA:10,4
DA:14,4
DA:15,3
DA:19,1
DA:26,1
DA:28,7
LF:10
LH:10
BRDA:7,0,0,4
BRDA:7,0,1,7
BRDA:14,1,0,3
BRDA:14,1,1,1
BRDA:22,2,0,0
BRDA:22,2,1,1
BRF:6
BRH:5
end_of_record
TN:
SF:src/plugins/logging.js
FNF:0
FNH:0
DA:3,2
LF:1
LH:1
BRF:0
BRH:0
end_of_record
TN:
SF:src/plugins/router.js
FN:20,(anonymous_0)
FNF:1
FNH:1
FNDA:11,(anonymous_0)
DA:9,2
DA:18,2
DA:20,11
LF:3
LH:3
BRF:0
BRH:0
end_of_record
TN:
SF:src/plugins/session.js
FNF:0
FNH:0
DA:4,2
LF:1
LH:1
BRF:0
BRH:0
end_of_record
TN:
SF:src/plugins/views.js
FN:11,(anonymous_0)
FN:14,(anonymous_1)
FN:16,(anonymous_2)
FNF:3
FNH:3
FNDA:8,(anonymous_0)
FNDA:8,(anonymous_1)
FNDA:8,(anonymous_2)
DA:6,2
DA:12,8
DA:14,8
DA:17,8
DA:22,8
LF:5
LH:5
BRF:0
BRH:0
end_of_record
TN:
SF:src/routes/aboutController.js
FNF:0
FNH:0
DA:1,2
LF:1
LH:1
BRF:0
BRH:0
end_of_record
TN:
SF:src/routes/authenticationController.js
FN:12,(anonymous_0)
FNF:1
FNH:1
FNDA:1,(anonymous_0)
DA:1,2
DA:13,1
DA:14,1
LF:3
LH:3
BRF:0
BRH:0
end_of_record
TN:
SF:src/routes/confirmuploadController.js
FN:9,(anonymous_0)
FN:18,(anonymous_1)
FN:21,(anonymous_2)
FNF:3
FNH:2
FNDA:1,(anonymous_0)
FNDA:1,(anonymous_1)
FNDA:0,(anonymous_2)
DA:5,2
DA:10,1
DA:19,1
DA:20,1
DA:21,0
DA:23,0
DA:38,0
DA:39,0
DA:43,1
LF:9
LH:5
BRDA:20,0,0,0
BRDA:20,0,1,1
BRF:2
BRH:1
end_of_record
TN:
SF:src/routes/errorController.js
FN:4,(anonymous_0)
FNF:1
FNH:1
FNDA:1,(anonymous_0)
DA:1,2
DA:5,1
LF:2
LH:2
BRF:0
BRH:0
end_of_record
TN:
SF:src/routes/fileuploadController.js
FN:9,(anonymous_0)
FN:17,(anonymous_1)
FNF:2
FNH:2
FNDA:1,(anonymous_0)
FNDA:1,(anonymous_1)
DA:5,2
DA:10,1
DA:19,1
DA:20,1
DA:22,1
DA:23,1
DA:24,1
DA:26,1
LF:8
LH:8
BRF:0
BRH:0
end_of_record
TN:
SF:src/routes/publicController.js
FNF:0
FNH:0
DA:3,2
LF:1
LH:1
BRF:0
BRH:0
end_of_record
TN:
SF:src/routes/startController.js
FN:4,(anonymous_0)
FNF:1
FNH:1
FNDA:1,(anonymous_0)
DA:1,2
DA:5,1
LF:2
LH:2
BRF:0
BRH:0
end_of_record
TN:
SF:src/utils/azurequeuemessagesender.js
FN:10,sendBiodiversityMessagetToQueue
FNF:1
FNH:0
FNDA:0,sendBiodiversityMessagetToQueue
DA:2,3
DA:3,3
DA:6,3
DA:8,3
DA:11,0
DA:13,0
DA:14,0
DA:15,0
DA:18,0
DA:20,0
DA:21,0
LF:11
LH:4
BRF:0
BRH:0
end_of_record
TN:
SF:src/utils/biodiversityExtractor.js
FN:5,(anonymous_0)
FN:25,(anonymous_1)
FN:34,(anonymous_2)
FN:40,(anonymous_3)
FN:43,(anonymous_4)
FN:44,(anonymous_5)
FN:46,(anonymous_6)
FNF:7
FNH:6
FNDA:1,(anonymous_0)
FNDA:0,(anonymous_1)
FNDA:747,(anonymous_2)
FNDA:1,(anonymous_3)
FNDA:254,(anonymous_4)
FNDA:249,(anonymous_5)
FNDA:747,(anonymous_6)
DA:2,2
DA:3,2
DA:5,2
DA:6,1
DA:7,1
DA:8,1
DA:9,1
DA:18,0
DA:25,1
DA:26,0
DA:27,0
DA:28,0
DA:30,0
DA:34,1
DA:35,747
DA:36,19
DA:40,1
DA:41,1
DA:42,1
DA:43,254
DA:45,249
DA:46,249
DA:47,747
DA:50,249
DA:51,6
DA:52,243
DA:53,0
DA:56,1
DA:59,1
DA:76,1
DA:99,1
DA:101,1
LF:32
LH:26
BRDA:8,0,0,1
BRDA:8,0,1,0
BRDA:27,1,0,0
BRDA:27,1,1,0
BRDA:35,2,0,19
BRDA:35,2,1,728
BRDA:35,3,0,747
BRDA:35,3,1,747
BRDA:50,4,0,6
BRDA:50,4,1,243
BRDA:52,5,0,0
BRDA:52,5,1,243
BRDA:52,6,0,243
BRDA:52,6,1,243
BRF:14
BRH:10
end_of_record
TN:
SF:src/utils/config.js
FNF:0
FNH:0
DA:1,3
DA:2,3
DA:3,3
DA:4,3
DA:5,3
DA:6,3
DA:7,3
LF:7
LH:7
BRDA:1,0,0,3
BRDA:1,0,1,3
BRDA:2,1,0,3
BRDA:2,1,1,0
BRDA:3,2,0,3
BRDA:3,2,1,0
BRDA:4,3,0,3
BRDA:4,3,1,0
BRDA:5,4,0,3
BRDA:5,4,1,3
BRDA:6,5,0,3
BRDA:6,5,1,3
BRDA:7,6,0,3
BRDA:7,6,1,3
BRF:14
BRH:11
end_of_record
